<?xml version="1.0" encoding="UTF-8"?>
<!-- Generated by org.testng.reporters.JUnitXMLReporter -->
<testsuite ignored="0" hostname="DESKTOP-2E0J32K" failures="0" tests="3" name="Default test" time="63.339" errors="0" timestamp="2025-07-05T21:02:58 IST">
  <testcase classname="tests.LoginTest" name="signuptest" time="25.252"/>
  <testcase classname="tests.LoginTest" name="testInvalidLogin" time="6.346"/>
  <testcase classname="tests.LoginTest" name="testSuccessfulLogin" time="8.619"/>
</testsuite> <!-- Default test -->
