<?xml version="1.0" encoding="UTF-8"?>
<testng-results ignored="0" total="3" passed="3" failed="0" skipped="0">
  <reporter-output>
  </reporter-output>
  <suite started-at="2025-07-05T21:01:54 IST" name="Default suite" finished-at="2025-07-05T21:02:58 IST" duration-ms="63339">
    <groups>
    </groups>
    <test started-at="2025-07-05T21:01:54 IST" name="Default test" finished-at="2025-07-05T21:02:58 IST" duration-ms="63339">
      <class name="tests.LoginTest">
        <test-method is-config="true" signature="setup()[pri:0, instance:tests.LoginTest@77c2494c]" started-at="2025-07-05T21:01:54 IST" name="setup" finished-at="2025-07-05T21:02:02 IST" duration-ms="7244" status="PASS">
          <reporter-output>
          </reporter-output>
        </test-method> <!-- setup -->
        <test-method signature="signuptest()[pri:1, instance:tests.LoginTest@77c2494c]" started-at="2025-07-05T21:02:02 IST" name="signuptest" finished-at="2025-07-05T21:02:27 IST" duration-ms="25252" status="PASS">
          <reporter-output>
          </reporter-output>
        </test-method> <!-- signuptest -->
        <test-method is-config="true" signature="teardown()[pri:0, instance:tests.LoginTest@77c2494c]" started-at="2025-07-05T21:02:27 IST" name="teardown" finished-at="2025-07-05T21:02:27 IST" duration-ms="402" status="PASS">
          <reporter-output>
          </reporter-output>
        </test-method> <!-- teardown -->
        <test-method is-config="true" signature="setup()[pri:0, instance:tests.LoginTest@77c2494c]" started-at="2025-07-05T21:02:27 IST" name="setup" finished-at="2025-07-05T21:02:34 IST" duration-ms="6632" status="PASS">
          <reporter-output>
          </reporter-output>
        </test-method> <!-- setup -->
        <test-method signature="testInvalidLogin()[pri:2, instance:tests.LoginTest@77c2494c]" started-at="2025-07-05T21:02:34 IST" name="testInvalidLogin" finished-at="2025-07-05T21:02:40 IST" duration-ms="6346" status="PASS">
          <reporter-output>
          </reporter-output>
        </test-method> <!-- testInvalidLogin -->
        <test-method is-config="true" signature="teardown()[pri:0, instance:tests.LoginTest@77c2494c]" started-at="2025-07-05T21:02:40 IST" name="teardown" finished-at="2025-07-05T21:02:41 IST" duration-ms="213" status="PASS">
          <reporter-output>
          </reporter-output>
        </test-method> <!-- teardown -->
        <test-method is-config="true" signature="setup()[pri:0, instance:tests.LoginTest@77c2494c]" started-at="2025-07-05T21:02:41 IST" name="setup" finished-at="2025-07-05T21:02:47 IST" duration-ms="6560" status="PASS">
          <reporter-output>
          </reporter-output>
        </test-method> <!-- setup -->
        <test-method signature="testSuccessfulLogin()[pri:3, instance:tests.LoginTest@77c2494c]" started-at="2025-07-05T21:02:47 IST" name="testSuccessfulLogin" finished-at="2025-07-05T21:02:56 IST" duration-ms="8619" status="PASS">
          <reporter-output>
          </reporter-output>
        </test-method> <!-- testSuccessfulLogin -->
        <test-method is-config="true" signature="teardown()[pri:0, instance:tests.LoginTest@77c2494c]" started-at="2025-07-05T21:02:56 IST" name="teardown" finished-at="2025-07-05T21:02:58 IST" duration-ms="2036" status="PASS">
          <reporter-output>
          </reporter-output>
        </test-method> <!-- teardown -->
      </class> <!-- tests.LoginTest -->
    </test> <!-- Default test -->
  </suite> <!-- Default suite -->
</testng-results>
